2023-07-12 23:11:37 INFO  OperatorWatcher:38 - Reconciliation #13(watch) Kafka(kafka/test-cluster): Kafka test-cluster in namespace kafka was MODIFIED
2023-07-12 23:11:37 INFO  AbstractOperator:239 - Reconciliation #13(watch) Kafka(kafka/test-cluster): Kafka test-cluster will be checked for creation or modification
2023-07-12 23:11:37 ERROR AbstractOperator:260 - Reconciliation #13(watch) Kafka(kafka/test-cluster): createOrUpdate failed
java.lang.NullPointerException: Cannot invoke "java.lang.Integer.intValue()" because the return value of "io.strimzi.api.kafka.model.storage.PersistentClaimStorageOverride.getBroker()" is null
	at io.strimzi.operator.cluster.model.StorageDiff.lambda$isOverrideChangeAllowed$3(StorageDiff.java:226) ~[io.strimzi.cluster-operator-0.35.1.jar:0.35.1]
	at java.util.stream.ReferencePipeline$2$1.accept(ReferencePipeline.java:178) ~[?:?]
	at java.util.ArrayList$ArrayListSpliterator.tryAdvance(ArrayList.java:1602) ~[?:?]
	at java.util.stream.ReferencePipeline.forEachWithCancel(ReferencePipeline.java:129) ~[?:?]
	at java.util.stream.AbstractPipeline.copyIntoWithCancel(AbstractPipeline.java:527) ~[?:?]
	at java.util.stream.AbstractPipeline.copyInto(AbstractPipeline.java:513) ~[?:?]
	at java.util.stream.AbstractPipeline.wrapAndCopyInto(AbstractPipeline.java:499) ~[?:?]
	at java.util.stream.FindOps$FindOp.evaluateSequential(FindOps.java:150) ~[?:?]
	at java.util.stream.AbstractPipeline.evaluate(AbstractPipeline.java:234) ~[?:?]
	at java.util.stream.ReferencePipeline.findFirst(ReferencePipeline.java:647) ~[?:?]
	at io.strimzi.operator.cluster.model.StorageDiff.isOverrideChangeAllowed(StorageDiff.java:227) ~[io.strimzi.cluster-operator-0.35.1.jar:0.35.1]
	at io.strimzi.operator.cluster.model.StorageDiff.<init>(StorageDiff.java:132) ~[io.strimzi.cluster-operator-0.35.1.jar:0.35.1]
	at io.strimzi.operator.cluster.model.StorageDiff.<init>(StorageDiff.java:52) ~[io.strimzi.cluster-operator-0.35.1.jar:0.35.1]
	at io.strimzi.operator.cluster.model.ZookeeperCluster.fromCrd(ZookeeperCluster.java:208) ~[io.strimzi.cluster-operator-0.35.1.jar:0.35.1]
	at io.strimzi.operator.cluster.operator.assembly.ZooKeeperReconciler.<init>(ZooKeeperReconciler.java:146) ~[io.strimzi.cluster-operator-0.35.1.jar:0.35.1]
	at io.strimzi.operator.cluster.operator.assembly.KafkaAssemblyOperator$ReconciliationState.lambda$zooKeeperReconciler$5(KafkaAssemblyOperator.java:423) ~[io.strimzi.cluster-operator-0.35.1.jar:0.35.1]
	at io.vertx.core.impl.future.Composition.onSuccess(Composition.java:38) ~[io.vertx.vertx-core-4.3.8.jar:4.3.8]
	at io.vertx.core.impl.future.FutureBase.emitSuccess(FutureBase.java:60) ~[io.vertx.vertx-core-4.3.8.jar:4.3.8]
	at io.vertx.core.impl.future.FutureImpl.tryComplete(FutureImpl.java:211) ~[io.vertx.vertx-core-4.3.8.jar:4.3.8]
	at io.vertx.core.impl.future.CompositeFutureImpl.complete(CompositeFutureImpl.java:172) ~[io.vertx.vertx-core-4.3.8.jar:4.3.8]
	at io.vertx.core.impl.future.CompositeFutureImpl.lambda$join$3(CompositeFutureImpl.java:109) ~[io.vertx.vertx-core-4.3.8.jar:4.3.8]
	at io.vertx.core.impl.future.FutureImpl$3.onSuccess(FutureImpl.java:141) ~[io.vertx.vertx-core-4.3.8.jar:4.3.8]
	at io.vertx.core.impl.future.FutureBase.emitSuccess(FutureBase.java:60) ~[io.vertx.vertx-core-4.3.8.jar:4.3.8]
	at io.vertx.core.impl.future.FutureImpl.tryComplete(FutureImpl.java:211) ~[io.vertx.vertx-core-4.3.8.jar:4.3.8]
	at io.vertx.core.impl.future.PromiseImpl.tryComplete(PromiseImpl.java:23) ~[io.vertx.vertx-core-4.3.8.jar:4.3.8]
	at io.vertx.core.impl.future.PromiseImpl.onSuccess(PromiseImpl.java:49) ~[io.vertx.vertx-core-4.3.8.jar:4.3.8]
	at io.vertx.core.impl.future.FutureBase.lambda$emitSuccess$0(FutureBase.java:54) ~[io.vertx.vertx-core-4.3.8.jar:4.3.8]
	at io.netty.util.concurrent.AbstractEventExecutor.runTask(AbstractEventExecutor.java:174) ~[io.netty.netty-common-4.1.87.Final.jar:4.1.87.Final]
	at io.netty.util.concurrent.AbstractEventExecutor.safeExecute(AbstractEventExecutor.java:167) ~[io.netty.netty-common-4.1.87.Final.jar:4.1.87.Final]
	at io.netty.util.concurrent.SingleThreadEventExecutor.runAllTasks(SingleThreadEventExecutor.java:470) ~[io.netty.netty-common-4.1.87.Final.jar:4.1.87.Final]
	at io.netty.channel.nio.NioEventLoop.run(NioEventLoop.java:569) ~[io.netty.netty-transport-4.1.87.Final.jar:4.1.87.Final]
	at io.netty.util.concurrent.SingleThreadEventExecutor$4.run(SingleThreadEventExecutor.java:997) ~[io.netty.netty-common-4.1.87.Final.jar:4.1.87.Final]
	at io.netty.util.internal.ThreadExecutorMap$2.run(ThreadExecutorMap.java:74) ~[io.netty.netty-common-4.1.87.Final.jar:4.1.87.Final]
	at io.netty.util.concurrent.FastThreadLocalRunnable.run(FastThreadLocalRunnable.java:30) ~[io.netty.netty-common-4.1.87.Final.jar:4.1.87.Final]
	at java.lang.Thread.run(Thread.java:833) ~[?:?]
2023-07-12 23:11:37 INFO  CrdOperator:133 - Reconciliation #13(watch) Kafka(kafka/test-cluster): Status of Kafka test-cluster in namespace kafka has been updated
2023-07-12 23:11:37 INFO  OperatorWatcher:38 - Reconciliation #14(watch) Kafka(kafka/test-cluster): Kafka test-cluster in namespace kafka was MODIFIED
2023-07-12 23:11:37 WARN  AbstractOperator:525 - Reconciliation #13(watch) Kafka(kafka/test-cluster): Failed to reconcile
java.lang.NullPointerException: Cannot invoke "java.lang.Integer.intValue()" because the return value of "io.strimzi.api.kafka.model.storage.PersistentClaimStorageOverride.getBroker()" is null
	at io.strimzi.operator.cluster.model.StorageDiff.lambda$isOverrideChangeAllowed$3(StorageDiff.java:226) ~[io.strimzi.cluster-operator-0.35.1.jar:0.35.1]
	at java.util.stream.ReferencePipeline$2$1.accept(ReferencePipeline.java:178) ~[?:?]
	at java.util.ArrayList$ArrayListSpliterator.tryAdvance(ArrayList.java:1602) ~[?:?]
	at java.util.stream.ReferencePipeline.forEachWithCancel(ReferencePipeline.java:129) ~[?:?]
	at java.util.stream.AbstractPipeline.copyIntoWithCancel(AbstractPipeline.java:527) ~[?:?]
	at java.util.stream.AbstractPipeline.copyInto(AbstractPipeline.java:513) ~[?:?]
	at java.util.stream.AbstractPipeline.wrapAndCopyInto(AbstractPipeline.java:499) ~[?:?]
	at java.util.stream.FindOps$FindOp.evaluateSequential(FindOps.java:150) ~[?:?]
	at java.util.stream.AbstractPipeline.evaluate(AbstractPipeline.java:234) ~[?:?]
	at java.util.stream.ReferencePipeline.findFirst(ReferencePipeline.java:647) ~[?:?]
	at io.strimzi.operator.cluster.model.StorageDiff.isOverrideChangeAllowed(StorageDiff.java:227) ~[io.strimzi.cluster-operator-0.35.1.jar:0.35.1]
	at io.strimzi.operator.cluster.model.StorageDiff.<init>(StorageDiff.java:132) ~[io.strimzi.cluster-operator-0.35.1.jar:0.35.1]
	at io.strimzi.operator.cluster.model.StorageDiff.<init>(StorageDiff.java:52) ~[io.strimzi.cluster-operator-0.35.1.jar:0.35.1]
	at io.strimzi.operator.cluster.model.ZookeeperCluster.fromCrd(ZookeeperCluster.java:208) ~[io.strimzi.cluster-operator-0.35.1.jar:0.35.1]
	at io.strimzi.operator.cluster.operator.assembly.ZooKeeperReconciler.<init>(ZooKeeperReconciler.java:146) ~[io.strimzi.cluster-operator-0.35.1.jar:0.35.1]
	at io.strimzi.operator.cluster.operator.assembly.KafkaAssemblyOperator$ReconciliationState.lambda$zooKeeperReconciler$5(KafkaAssemblyOperator.java:423) ~[io.strimzi.cluster-operator-0.35.1.jar:0.35.1]
	at io.vertx.core.impl.future.Composition.onSuccess(Composition.java:38) ~[io.vertx.vertx-core-4.3.8.jar:4.3.8]
	at io.vertx.core.impl.future.FutureBase.emitSuccess(FutureBase.java:60) ~[io.vertx.vertx-core-4.3.8.jar:4.3.8]
	at io.vertx.core.impl.future.FutureImpl.tryComplete(FutureImpl.java:211) ~[io.vertx.vertx-core-4.3.8.jar:4.3.8]
	at io.vertx.core.impl.future.CompositeFutureImpl.complete(CompositeFutureImpl.java:172) ~[io.vertx.vertx-core-4.3.8.jar:4.3.8]
	at io.vertx.core.impl.future.CompositeFutureImpl.lambda$join$3(CompositeFutureImpl.java:109) ~[io.vertx.vertx-core-4.3.8.jar:4.3.8]
	at io.vertx.core.impl.future.FutureImpl$3.onSuccess(FutureImpl.java:141) ~[io.vertx.vertx-core-4.3.8.jar:4.3.8]
	at io.vertx.core.impl.future.FutureBase.emitSuccess(FutureBase.java:60) ~[io.vertx.vertx-core-4.3.8.jar:4.3.8]
	at io.vertx.core.impl.future.FutureImpl.tryComplete(FutureImpl.java:211) ~[io.vertx.vertx-core-4.3.8.jar:4.3.8]
	at io.vertx.core.impl.future.PromiseImpl.tryComplete(PromiseImpl.java:23) ~[io.vertx.vertx-core-4.3.8.jar:4.3.8]
	at io.vertx.core.impl.future.PromiseImpl.onSuccess(PromiseImpl.java:49) ~[io.vertx.vertx-core-4.3.8.jar:4.3.8]
	at io.vertx.core.impl.future.FutureBase.lambda$emitSuccess$0(FutureBase.java:54) ~[io.vertx.vertx-core-4.3.8.jar:4.3.8]
	at io.netty.util.concurrent.AbstractEventExecutor.runTask(AbstractEventExecutor.java:174) ~[io.netty.netty-common-4.1.87.Final.jar:4.1.87.Final]
	at io.netty.util.concurrent.AbstractEventExecutor.safeExecute(AbstractEventExecutor.java:167) ~[io.netty.netty-common-4.1.87.Final.jar:4.1.87.Final]
	at io.netty.util.concurrent.SingleThreadEventExecutor.runAllTasks(SingleThreadEventExecutor.java:470) ~[io.netty.netty-common-4.1.87.Final.jar:4.1.87.Final]
	at io.netty.channel.nio.NioEventLoop.run(NioEventLoop.java:569) ~[io.netty.netty-transport-4.1.87.Final.jar:4.1.87.Final]
	at io.netty.util.concurrent.SingleThreadEventExecutor$4.run(SingleThreadEventExecutor.java:997) ~[io.netty.netty-common-4.1.87.Final.jar:4.1.87.Final]
	at io.netty.util.internal.ThreadExecutorMap$2.run(ThreadExecutorMap.java:74) ~[io.netty.netty-common-4.1.87.Final.jar:4.1.87.Final]
	at io.netty.util.concurrent.FastThreadLocalRunnable.run(FastThreadLocalRunnable.java:30) ~[io.netty.netty-common-4.1.87.Final.jar:4.1.87.Final]
	at java.lang.Thread.run(Thread.java:833) ~[?:?]
2023-07-12 23:11:37 INFO  AbstractOperator:239 - Reconciliation #14(watch) Kafka(kafka/test-cluster): Kafka test-cluster will be checked for creation or modification
2023-07-12 23:11:37 ERROR AbstractOperator:260 - Reconciliation #14(watch) Kafka(kafka/test-cluster): createOrUpdate failed
java.lang.NullPointerException: Cannot invoke "java.lang.Integer.intValue()" because the return value of "io.strimzi.api.kafka.model.storage.PersistentClaimStorageOverride.getBroker()" is null
	at io.strimzi.operator.cluster.model.StorageDiff.lambda$isOverrideChangeAllowed$3(StorageDiff.java:226) ~[io.strimzi.cluster-operator-0.35.1.jar:0.35.1]
	at java.util.stream.ReferencePipeline$2$1.accept(ReferencePipeline.java:178) ~[?:?]
	at java.util.ArrayList$ArrayListSpliterator.tryAdvance(ArrayList.java:1602) ~[?:?]
	at java.util.stream.ReferencePipeline.forEachWithCancel(ReferencePipeline.java:129) ~[?:?]
	at java.util.stream.AbstractPipeline.copyIntoWithCancel(AbstractPipeline.java:527) ~[?:?]
	at java.util.stream.AbstractPipeline.copyInto(AbstractPipeline.java:513) ~[?:?]
	at java.util.stream.AbstractPipeline.wrapAndCopyInto(AbstractPipeline.java:499) ~[?:?]
	at java.util.stream.FindOps$FindOp.evaluateSequential(FindOps.java:150) ~[?:?]
	at java.util.stream.AbstractPipeline.evaluate(AbstractPipeline.java:234) ~[?:?]
	at java.util.stream.ReferencePipeline.findFirst(ReferencePipeline.java:647) ~[?:?]
	at io.strimzi.operator.cluster.model.StorageDiff.isOverrideChangeAllowed(StorageDiff.java:227) ~[io.strimzi.cluster-operator-0.35.1.jar:0.35.1]
	at io.strimzi.operator.cluster.model.StorageDiff.<init>(StorageDiff.java:132) ~[io.strimzi.cluster-operator-0.35.1.jar:0.35.1]
	at io.strimzi.operator.cluster.model.StorageDiff.<init>(StorageDiff.java:52) ~[io.strimzi.cluster-operator-0.35.1.jar:0.35.1]
	at io.strimzi.operator.cluster.model.ZookeeperCluster.fromCrd(ZookeeperCluster.java:208) ~[io.strimzi.cluster-operator-0.35.1.jar:0.35.1]
	at io.strimzi.operator.cluster.operator.assembly.ZooKeeperReconciler.<init>(ZooKeeperReconciler.java:146) ~[io.strimzi.cluster-operator-0.35.1.jar:0.35.1]
	at io.strimzi.operator.cluster.operator.assembly.KafkaAssemblyOperator$ReconciliationState.lambda$zooKeeperReconciler$5(KafkaAssemblyOperator.java:423) ~[io.strimzi.cluster-operator-0.35.1.jar:0.35.1]
	at io.vertx.core.impl.future.Composition.onSuccess(Composition.java:38) ~[io.vertx.vertx-core-4.3.8.jar:4.3.8]
	at io.vertx.core.impl.future.FutureBase.emitSuccess(FutureBase.java:60) ~[io.vertx.vertx-core-4.3.8.jar:4.3.8]
	at io.vertx.core.impl.future.FutureImpl.tryComplete(FutureImpl.java:211) ~[io.vertx.vertx-core-4.3.8.jar:4.3.8]
	at io.vertx.core.impl.future.CompositeFutureImpl.complete(CompositeFutureImpl.java:172) ~[io.vertx.vertx-core-4.3.8.jar:4.3.8]
	at io.vertx.core.impl.future.CompositeFutureImpl.lambda$join$3(CompositeFutureImpl.java:109) ~[io.vertx.vertx-core-4.3.8.jar:4.3.8]
	at io.vertx.core.impl.future.FutureImpl$3.onSuccess(FutureImpl.java:141) ~[io.vertx.vertx-core-4.3.8.jar:4.3.8]
	at io.vertx.core.impl.future.FutureBase.emitSuccess(FutureBase.java:60) ~[io.vertx.vertx-core-4.3.8.jar:4.3.8]
	at io.vertx.core.impl.future.FutureImpl.tryComplete(FutureImpl.java:211) ~[io.vertx.vertx-core-4.3.8.jar:4.3.8]
	at io.vertx.core.impl.future.PromiseImpl.tryComplete(PromiseImpl.java:23) ~[io.vertx.vertx-core-4.3.8.jar:4.3.8]
	at io.vertx.core.impl.future.PromiseImpl.onSuccess(PromiseImpl.java:49) ~[io.vertx.vertx-core-4.3.8.jar:4.3.8]
	at io.vertx.core.impl.future.FutureBase.lambda$emitSuccess$0(FutureBase.java:54) ~[io.vertx.vertx-core-4.3.8.jar:4.3.8]
	at io.netty.util.concurrent.AbstractEventExecutor.runTask(AbstractEventExecutor.java:174) ~[io.netty.netty-common-4.1.87.Final.jar:4.1.87.Final]
	at io.netty.util.concurrent.AbstractEventExecutor.safeExecute(AbstractEventExecutor.java:167) ~[io.netty.netty-common-4.1.87.Final.jar:4.1.87.Final]
	at io.netty.util.concurrent.SingleThreadEventExecutor.runAllTasks(SingleThreadEventExecutor.java:470) ~[io.netty.netty-common-4.1.87.Final.jar:4.1.87.Final]
	at io.netty.channel.nio.NioEventLoop.run(NioEventLoop.java:569) ~[io.netty.netty-transport-4.1.87.Final.jar:4.1.87.Final]
	at io.netty.util.concurrent.SingleThreadEventExecutor$4.run(SingleThreadEventExecutor.java:997) ~[io.netty.netty-common-4.1.87.Final.jar:4.1.87.Final]
	at io.netty.util.internal.ThreadExecutorMap$2.run(ThreadExecutorMap.java:74) ~[io.netty.netty-common-4.1.87.Final.jar:4.1.87.Final]
	at io.netty.util.concurrent.FastThreadLocalRunnable.run(FastThreadLocalRunnable.java:30) ~[io.netty.netty-common-4.1.87.Final.jar:4.1.87.Final]
	at java.lang.Thread.run(Thread.java:833) ~[?:?]
2023-07-12 23:11:37 WARN  AbstractOperator:525 - Reconciliation #14(watch) Kafka(kafka/test-cluster): Failed to reconcile
java.lang.NullPointerException: Cannot invoke "java.lang.Integer.intValue()" because the return value of "io.strimzi.api.kafka.model.storage.PersistentClaimStorageOverride.getBroker()" is null
	at io.strimzi.operator.cluster.model.StorageDiff.lambda$isOverrideChangeAllowed$3(StorageDiff.java:226) ~[io.strimzi.cluster-operator-0.35.1.jar:0.35.1]
	at java.util.stream.ReferencePipeline$2$1.accept(ReferencePipeline.java:178) ~[?:?]
	at java.util.ArrayList$ArrayListSpliterator.tryAdvance(ArrayList.java:1602) ~[?:?]
	at java.util.stream.ReferencePipeline.forEachWithCancel(ReferencePipeline.java:129) ~[?:?]
	at java.util.stream.AbstractPipeline.copyIntoWithCancel(AbstractPipeline.java:527) ~[?:?]
	at java.util.stream.AbstractPipeline.copyInto(AbstractPipeline.java:513) ~[?:?]
	at java.util.stream.AbstractPipeline.wrapAndCopyInto(AbstractPipeline.java:499) ~[?:?]
	at java.util.stream.FindOps$FindOp.evaluateSequential(FindOps.java:150) ~[?:?]
	at java.util.stream.AbstractPipeline.evaluate(AbstractPipeline.java:234) ~[?:?]
	at java.util.stream.ReferencePipeline.findFirst(ReferencePipeline.java:647) ~[?:?]
	at io.strimzi.operator.cluster.model.StorageDiff.isOverrideChangeAllowed(StorageDiff.java:227) ~[io.strimzi.cluster-operator-0.35.1.jar:0.35.1]
	at io.strimzi.operator.cluster.model.StorageDiff.<init>(StorageDiff.java:132) ~[io.strimzi.cluster-operator-0.35.1.jar:0.35.1]
	at io.strimzi.operator.cluster.model.StorageDiff.<init>(StorageDiff.java:52) ~[io.strimzi.cluster-operator-0.35.1.jar:0.35.1]
	at io.strimzi.operator.cluster.model.ZookeeperCluster.fromCrd(ZookeeperCluster.java:208) ~[io.strimzi.cluster-operator-0.35.1.jar:0.35.1]
	at io.strimzi.operator.cluster.operator.assembly.ZooKeeperReconciler.<init>(ZooKeeperReconciler.java:146) ~[io.strimzi.cluster-operator-0.35.1.jar:0.35.1]
	at io.strimzi.operator.cluster.operator.assembly.KafkaAssemblyOperator$ReconciliationState.lambda$zooKeeperReconciler$5(KafkaAssemblyOperator.java:423) ~[io.strimzi.cluster-operator-0.35.1.jar:0.35.1]
	at io.vertx.core.impl.future.Composition.onSuccess(Composition.java:38) ~[io.vertx.vertx-core-4.3.8.jar:4.3.8]
	at io.vertx.core.impl.future.FutureBase.emitSuccess(FutureBase.java:60) ~[io.vertx.vertx-core-4.3.8.jar:4.3.8]
	at io.vertx.core.impl.future.FutureImpl.tryComplete(FutureImpl.java:211) ~[io.vertx.vertx-core-4.3.8.jar:4.3.8]
	at io.vertx.core.impl.future.CompositeFutureImpl.complete(CompositeFutureImpl.java:172) ~[io.vertx.vertx-core-4.3.8.jar:4.3.8]
	at io.vertx.core.impl.future.CompositeFutureImpl.lambda$join$3(CompositeFutureImpl.java:109) ~[io.vertx.vertx-core-4.3.8.jar:4.3.8]
	at io.vertx.core.impl.future.FutureImpl$3.onSuccess(FutureImpl.java:141) ~[io.vertx.vertx-core-4.3.8.jar:4.3.8]
	at io.vertx.core.impl.future.FutureBase.emitSuccess(FutureBase.java:60) ~[io.vertx.vertx-core-4.3.8.jar:4.3.8]
	at io.vertx.core.impl.future.FutureImpl.tryComplete(FutureImpl.java:211) ~[io.vertx.vertx-core-4.3.8.jar:4.3.8]
	at io.vertx.core.impl.future.PromiseImpl.tryComplete(PromiseImpl.java:23) ~[io.vertx.vertx-core-4.3.8.jar:4.3.8]
	at io.vertx.core.impl.future.PromiseImpl.onSuccess(PromiseImpl.java:49) ~[io.vertx.vertx-core-4.3.8.jar:4.3.8]
	at io.vertx.core.impl.future.FutureBase.lambda$emitSuccess$0(FutureBase.java:54) ~[io.vertx.vertx-core-4.3.8.jar:4.3.8]
	at io.netty.util.concurrent.AbstractEventExecutor.runTask(AbstractEventExecutor.java:174) ~[io.netty.netty-common-4.1.87.Final.jar:4.1.87.Final]
	at io.netty.util.concurrent.AbstractEventExecutor.safeExecute(AbstractEventExecutor.java:167) ~[io.netty.netty-common-4.1.87.Final.jar:4.1.87.Final]
	at io.netty.util.concurrent.SingleThreadEventExecutor.runAllTasks(SingleThreadEventExecutor.java:470) ~[io.netty.netty-common-4.1.87.Final.jar:4.1.87.Final]
	at io.netty.channel.nio.NioEventLoop.run(NioEventLoop.java:569) ~[io.netty.netty-transport-4.1.87.Final.jar:4.1.87.Final]
	at io.netty.util.concurrent.SingleThreadEventExecutor$4.run(SingleThreadEventExecutor.java:997) ~[io.netty.netty-common-4.1.87.Final.jar:4.1.87.Final]
	at io.netty.util.internal.ThreadExecutorMap$2.run(ThreadExecutorMap.java:74) ~[io.netty.netty-common-4.1.87.Final.jar:4.1.87.Final]
	at io.netty.util.concurrent.FastThreadLocalRunnable.run(FastThreadLocalRunnable.java:30) ~[io.netty.netty-common-4.1.87.Final.jar:4.1.87.Final]
	at java.lang.Thread.run(Thread.java:833) ~[?:?]